2020-05-06 01:02:56 [main] DEBUG debugLogger - Second level cache getting updated
2020-05-06 01:02:57 [main] DEBUG debugLogger - Cache updation completed
2020-05-06 01:05:15 [http-nio-8080-exec-1] DEBUG debugLogger - Request:Get employee by Id
2020-05-06 01:08:29 [main] DEBUG debugLogger - Second level cache getting updated
2020-05-06 01:08:30 [main] DEBUG debugLogger - Cache updation completed
2020-05-06 01:13:05 [http-nio-8080-exec-1] DEBUG debugLogger - Request:Get employee by Id 1
2020-05-06 01:45:52 [scheduling-1] DEBUG debugLogger - This method auto updates 2nd level cache every 2 mins
2020-05-06 01:45:52 [scheduling-1] DEBUG debugLogger - Method that fethches all the employees and their description
2020-05-06 01:45:52 [main] DEBUG debugLogger - Second level cache getting updated
2020-05-06 01:45:52 [main] DEBUG debugLogger - Method that fethches all the employees and their description
2020-05-06 01:45:52 [scheduling-1] DEBUG debugLogger - Method ran successfully [EmployeeDao(empId=17, empName=Prashant, department=STG, addresses=[AddressDao(addressId=1, address=DE 105/3, city=Kolkata, state=WB, pincode=700159), AddressDao(addressId=2, address=16B madan Chatterjee lane, city=Kolkata, state=WB, pincode=700007), AddressDao(addressId=3, address=16A madan Chatterjee lane, city=Kolkata, state=WB, pincode=700007), AddressDao(addressId=4, address=14B MCL, city=Kolkata, state=West Bengal, pincode=700159)]), EmployeeDao(empId=18, empName=Sushant, department=STG, addresses=[AddressDao(addressId=5, address=DE 105/4, city=Kolkata, state=WB, pincode=700159)]), EmployeeDao(empId=19, empName=Soumyarup, department=STG, addresses=[AddressDao(addressId=6, address=DE 105/5, city=Kolkata, state=WB, pincode=700159)]), EmployeeDao(empId=20, empName=Debanjan, department=STG, addresses=[AddressDao(addressId=7, address=DE 105/6, city=Kolkata, state=WB, pincode=700159)]), EmployeeDao(empId=21, empName=Kabbu, department=STG, addresses=[AddressDao(addressId=8, address=DE 105/7, city=Kolkata, state=WB, pincode=700159)]), EmployeeDao(empId=22, empName=Neha, department=STG, addresses=[AddressDao(addressId=9, address=DE 105/8, city=Kolkata, state=WB, pincode=700159)]), EmployeeDao(empId=23, empName=Nisha, department=STG, addresses=[AddressDao(addressId=10, address=DE 105/9, city=Kolkata, state=WB, pincode=700159)])]
2020-05-06 01:45:52 [scheduling-1] DEBUG debugLogger - Cache updated successfully
2020-05-06 01:45:52 [main] DEBUG debugLogger - Method ran successfully [EmployeeDao(empId=17, empName=Prashant, department=STG, addresses=[AddressDao(addressId=1, address=DE 105/3, city=Kolkata, state=WB, pincode=700159), AddressDao(addressId=2, address=16B madan Chatterjee lane, city=Kolkata, state=WB, pincode=700007), AddressDao(addressId=3, address=16A madan Chatterjee lane, city=Kolkata, state=WB, pincode=700007), AddressDao(addressId=4, address=14B MCL, city=Kolkata, state=West Bengal, pincode=700159)]), EmployeeDao(empId=18, empName=Sushant, department=STG, addresses=[AddressDao(addressId=5, address=DE 105/4, city=Kolkata, state=WB, pincode=700159)]), EmployeeDao(empId=19, empName=Soumyarup, department=STG, addresses=[AddressDao(addressId=6, address=DE 105/5, city=Kolkata, state=WB, pincode=700159)]), EmployeeDao(empId=20, empName=Debanjan, department=STG, addresses=[AddressDao(addressId=7, address=DE 105/6, city=Kolkata, state=WB, pincode=700159)]), EmployeeDao(empId=21, empName=Kabbu, department=STG, addresses=[AddressDao(addressId=8, address=DE 105/7, city=Kolkata, state=WB, pincode=700159)]), EmployeeDao(empId=22, empName=Neha, department=STG, addresses=[AddressDao(addressId=9, address=DE 105/8, city=Kolkata, state=WB, pincode=700159)]), EmployeeDao(empId=23, empName=Nisha, department=STG, addresses=[AddressDao(addressId=10, address=DE 105/9, city=Kolkata, state=WB, pincode=700159)])]
2020-05-06 01:45:52 [main] DEBUG debugLogger - Cache updation completed
2020-05-06 01:46:17 [http-nio-8080-exec-1] DEBUG debugLogger - Request:Get employee by Id 20
2020-05-06 01:46:17 [http-nio-8080-exec-1] DEBUG debugLogger - Get employee by Id method invocated
2020-05-06 01:46:17 [http-nio-8080-exec-1] DEBUG debugLogger - Employee found in second level cache
2020-05-06 01:46:24 [http-nio-8080-exec-3] DEBUG debugLogger - Request:Get employee by Id 20
2020-05-06 01:46:24 [http-nio-8080-exec-3] DEBUG debugLogger - Get employee by Id method invocated
2020-05-06 01:46:24 [http-nio-8080-exec-3] DEBUG debugLogger - Employee found in the first level cache
